/*C4*/SET SCHEMA PUBLIC
DISCONNECT
/*C1*/SET SCHEMA SYSTEM_LOBS
INSERT INTO LOB_IDS VALUES(13,11,0,40)
COMMIT
ALTER SEQUENCE SYSTEM_LOBS.LOB_ID RESTART WITH 14
DELETE FROM BLOCKS WHERE BLOCK_ADDR=12
INSERT INTO BLOCKS VALUES(12,1,0)
INSERT INTO BLOCKS VALUES(13,2147483634,0)
DELETE FROM BLOCKS WHERE BLOCK_ADDR=12
INSERT INTO LOBS VALUES(12,1,0,13)
COMMIT
/*C6*/SET SCHEMA PUBLIC
INSERT INTO CLIENTE VALUES(0,'Cliente',NULL)
INSERT INTO AGENTE VALUES(0,0,NULL,13)
INSERT INTO INFORME VALUES(1,'Nombre','DescLarga',0,'2014-12-08')
INSERT INTO INFORME VALUES(0,'Nombre','DescLarga',0,'2014-12-08')
INSERT INTO CONSULTA VALUES(0,'S',NULL,NULL,NULL,NULL,'DescCorta','DescLarga','2014-12-08')
INSERT INTO TIPO_DESTINO VALUES(0,'NombreCorto','Descripci\u00f3n')
INSERT INTO DESTINO VALUES(0,0,0)
INSERT INTO SNAPSHOT VALUES(0,0,0,0,'2014-12-08')
INSERT INTO PLANIFICACION VALUES(0,'2014-12-08',NULL)
INSERT INTO LINEA_CRON VALUES(0,0,'Descripcion','2014-12-08')
INSERT INTO LINEA_CRON VALUES(1,0,'Descripcion','2014-12-08')
INSERT INTO INF_PLAN_DEST VALUES(0,0,0,0,'2014-12-08','2014-12-08')
INSERT INTO AGENTE_DESTINO VALUES(0,0,0)
INSERT INTO INFORME_INFORME VALUES(1,0)
INSERT INTO CONSULTA_TIPO_DESTINO VALUES(0,0)
SET SCHEMA SYSTEM_LOBS
DELETE FROM LOB_IDS WHERE LOB_ID=13
INSERT INTO LOB_IDS VALUES(13,11,1,40)
COMMIT
SET SCHEMA PUBLIC
DELETE FROM AGENTE_DESTINO WHERE ID_AGENTE=0 AND ID_DESTINO=0 AND ID_CLIENTE=0
DELETE FROM INFORME_INFORME WHERE ID_INFORME_CONTIENE=1 AND ID_INFORME_CONTENIDO=0
DELETE FROM CONSULTA_TIPO_DESTINO WHERE ID_CONSULTA=0 AND ID_TIPO_DESTINO=0
DELETE FROM AGENTE WHERE AGENTE_ID=0
DELETE FROM INF_PLAN_DEST WHERE ID_INFORME=0 AND ID_CLIENTE=0 AND ID_DESTINO=0
DELETE FROM SNAPSHOT WHERE ID_SNAPSHOT=0 AND ID_CLIENTE=0 AND ID_DESTINO=0 AND ID_INFORME=0
DELETE FROM DESTINO WHERE ID_CLIENTE=0 AND ID_DESTINO=0
DELETE FROM CLIENTE WHERE ID_CLIENTE=0
DELETE FROM INFORME WHERE INFO_ID=0
DELETE FROM CONSULTA WHERE CONS_ID=0
DELETE FROM TIPO_DESTINO WHERE ID_TIPO_DESTINO=0
DELETE FROM INFORME WHERE INFO_ID=1
DELETE FROM LINEA_CRON WHERE ID_LINEA_CRON=0
DELETE FROM LINEA_CRON WHERE ID_LINEA_CRON=1
DELETE FROM PLANIFICACION WHERE ID_PLAN=0
SET SCHEMA SYSTEM_LOBS
DELETE FROM LOB_IDS WHERE LOB_ID=13
INSERT INTO LOB_IDS VALUES(13,11,0,40)
COMMIT
SET SCHEMA PUBLIC
DISCONNECT
/*C1*/INSERT INTO LOB_IDS VALUES(14,11,0,40)
COMMIT
ALTER SEQUENCE SYSTEM_LOBS.LOB_ID RESTART WITH 15
DELETE FROM BLOCKS WHERE BLOCK_ADDR=13
INSERT INTO BLOCKS VALUES(13,1,0)
INSERT INTO BLOCKS VALUES(14,2147483633,0)
DELETE FROM BLOCKS WHERE BLOCK_ADDR=13
INSERT INTO LOBS VALUES(13,1,0,14)
COMMIT
/*C7*/SET SCHEMA PUBLIC
INSERT INTO CLIENTE VALUES(0,'Cliente',NULL)
INSERT INTO AGENTE VALUES(0,0,NULL,14)
INSERT INTO INFORME VALUES(1,'Nombre','DescLarga',0,'2014-12-08')
INSERT INTO INFORME VALUES(0,'Nombre','DescLarga',0,'2014-12-08')
INSERT INTO CONSULTA VALUES(0,'S',NULL,NULL,NULL,NULL,'DescCorta','DescLarga','2014-12-08')
INSERT INTO TIPO_DESTINO VALUES(0,'NombreCorto','Descripci\u00f3n')
INSERT INTO DESTINO VALUES(0,0,0)
INSERT INTO SNAPSHOT VALUES(0,0,0,0,'2014-12-08')
INSERT INTO PLANIFICACION VALUES(0,'2014-12-08',NULL)
INSERT INTO LINEA_CRON VALUES(0,0,'Descripcion','2014-12-08')
INSERT INTO LINEA_CRON VALUES(1,0,'Descripcion','2014-12-08')
INSERT INTO INF_PLAN_DEST VALUES(0,0,0,0,'2014-12-08','2014-12-08')
INSERT INTO AGENTE_DESTINO VALUES(0,0,0)
INSERT INTO INFORME_INFORME VALUES(1,0)
INSERT INTO CONSULTA_TIPO_DESTINO VALUES(0,0)
SET SCHEMA SYSTEM_LOBS
DELETE FROM LOB_IDS WHERE LOB_ID=14
INSERT INTO LOB_IDS VALUES(14,11,1,40)
COMMIT
SET SCHEMA PUBLIC
DELETE FROM AGENTE_DESTINO WHERE ID_AGENTE=0 AND ID_DESTINO=0 AND ID_CLIENTE=0
DELETE FROM INFORME_INFORME WHERE ID_INFORME_CONTIENE=1 AND ID_INFORME_CONTENIDO=0
DELETE FROM CONSULTA_TIPO_DESTINO WHERE ID_CONSULTA=0 AND ID_TIPO_DESTINO=0
DELETE FROM AGENTE WHERE AGENTE_ID=0
DELETE FROM INF_PLAN_DEST WHERE ID_INFORME=0 AND ID_CLIENTE=0 AND ID_DESTINO=0
DELETE FROM SNAPSHOT WHERE ID_SNAPSHOT=0 AND ID_CLIENTE=0 AND ID_DESTINO=0 AND ID_INFORME=0
DELETE FROM DESTINO WHERE ID_CLIENTE=0 AND ID_DESTINO=0
DELETE FROM CLIENTE WHERE ID_CLIENTE=0
DELETE FROM INFORME WHERE INFO_ID=0
DELETE FROM CONSULTA WHERE CONS_ID=0
DELETE FROM TIPO_DESTINO WHERE ID_TIPO_DESTINO=0
DELETE FROM INFORME WHERE INFO_ID=1
DELETE FROM LINEA_CRON WHERE ID_LINEA_CRON=0
DELETE FROM LINEA_CRON WHERE ID_LINEA_CRON=1
DELETE FROM PLANIFICACION WHERE ID_PLAN=0
SET SCHEMA SYSTEM_LOBS
DELETE FROM LOB_IDS WHERE LOB_ID=14
INSERT INTO LOB_IDS VALUES(14,11,0,40)
COMMIT
SET SCHEMA PUBLIC
DISCONNECT
/*C1*/INSERT INTO LOB_IDS VALUES(15,11,0,40)
COMMIT
ALTER SEQUENCE SYSTEM_LOBS.LOB_ID RESTART WITH 16
DELETE FROM BLOCKS WHERE BLOCK_ADDR=14
INSERT INTO BLOCKS VALUES(14,1,0)
INSERT INTO BLOCKS VALUES(15,2147483632,0)
DELETE FROM BLOCKS WHERE BLOCK_ADDR=14
INSERT INTO LOBS VALUES(14,1,0,15)
COMMIT
/*C8*/SET SCHEMA PUBLIC
INSERT INTO CLIENTE VALUES(0,'Cliente',NULL)
INSERT INTO AGENTE VALUES(0,0,NULL,15)
INSERT INTO INFORME VALUES(1,'Nombre','DescLarga',0,'2014-12-08')
INSERT INTO INFORME VALUES(0,'Nombre','DescLarga',0,'2014-12-08')
INSERT INTO CONSULTA VALUES(0,'S',NULL,NULL,NULL,NULL,'DescCorta','DescLarga','2014-12-08')
INSERT INTO TIPO_DESTINO VALUES(0,'NombreCorto','Descripci\u00f3n')
INSERT INTO DESTINO VALUES(0,0,0)
INSERT INTO SNAPSHOT VALUES(0,0,0,0,'2014-12-08')
INSERT INTO PLANIFICACION VALUES(0,'2014-12-08',NULL)
INSERT INTO LINEA_CRON VALUES(0,0,'Descripcion','2014-12-08')
INSERT INTO LINEA_CRON VALUES(1,0,'Descripcion','2014-12-08')
INSERT INTO INF_PLAN_DEST VALUES(0,0,0,0,'2014-12-08','2014-12-08')
INSERT INTO AGENTE_DESTINO VALUES(0,0,0)
INSERT INTO INFORME_INFORME VALUES(1,0)
INSERT INTO CONSULTA_TIPO_DESTINO VALUES(0,0)
SET SCHEMA SYSTEM_LOBS
DELETE FROM LOB_IDS WHERE LOB_ID=15
INSERT INTO LOB_IDS VALUES(15,11,1,40)
COMMIT
SET SCHEMA PUBLIC
DELETE FROM AGENTE_DESTINO WHERE ID_AGENTE=0 AND ID_DESTINO=0 AND ID_CLIENTE=0
DELETE FROM INFORME_INFORME WHERE ID_INFORME_CONTIENE=1 AND ID_INFORME_CONTENIDO=0
DELETE FROM CONSULTA_TIPO_DESTINO WHERE ID_CONSULTA=0 AND ID_TIPO_DESTINO=0
DELETE FROM AGENTE WHERE AGENTE_ID=0
DELETE FROM INF_PLAN_DEST WHERE ID_INFORME=0 AND ID_CLIENTE=0 AND ID_DESTINO=0
DELETE FROM SNAPSHOT WHERE ID_SNAPSHOT=0 AND ID_CLIENTE=0 AND ID_DESTINO=0 AND ID_INFORME=0
DELETE FROM DESTINO WHERE ID_CLIENTE=0 AND ID_DESTINO=0
DELETE FROM CLIENTE WHERE ID_CLIENTE=0
DELETE FROM INFORME WHERE INFO_ID=0
DELETE FROM CONSULTA WHERE CONS_ID=0
DELETE FROM TIPO_DESTINO WHERE ID_TIPO_DESTINO=0
DELETE FROM INFORME WHERE INFO_ID=1
DELETE FROM LINEA_CRON WHERE ID_LINEA_CRON=1
DELETE FROM LINEA_CRON WHERE ID_LINEA_CRON=0
DELETE FROM PLANIFICACION WHERE ID_PLAN=0
SET SCHEMA SYSTEM_LOBS
DELETE FROM LOB_IDS WHERE LOB_ID=15
INSERT INTO LOB_IDS VALUES(15,11,0,40)
COMMIT
SET SCHEMA PUBLIC
DISCONNECT
/*C1*/INSERT INTO LOB_IDS VALUES(16,11,0,40)
COMMIT
ALTER SEQUENCE SYSTEM_LOBS.LOB_ID RESTART WITH 17
DELETE FROM BLOCKS WHERE BLOCK_ADDR=15
INSERT INTO BLOCKS VALUES(15,1,0)
INSERT INTO BLOCKS VALUES(16,2147483631,0)
DELETE FROM BLOCKS WHERE BLOCK_ADDR=15
INSERT INTO LOBS VALUES(15,1,0,16)
COMMIT
/*C9*/SET SCHEMA PUBLIC
INSERT INTO CLIENTE VALUES(0,'Cliente',NULL)
INSERT INTO AGENTE VALUES(0,0,NULL,16)
INSERT INTO INFORME VALUES(1,'Nombre','DescLarga',0,'2014-12-08')
INSERT INTO INFORME VALUES(0,'Nombre','DescLarga',0,'2014-12-08')
INSERT INTO CONSULTA VALUES(0,'S',NULL,NULL,NULL,NULL,'DescCorta','DescLarga','2014-12-08')
INSERT INTO TIPO_DESTINO VALUES(0,'NombreCorto','Descripci\u00f3n')
INSERT INTO DESTINO VALUES(0,0,0)
INSERT INTO SNAPSHOT VALUES(0,0,0,0,'2014-12-08')
INSERT INTO PLANIFICACION VALUES(0,'2014-12-08',NULL)
INSERT INTO LINEA_CRON VALUES(0,0,'Descripcion','2014-12-08')
INSERT INTO LINEA_CRON VALUES(1,0,'Descripcion','2014-12-08')
INSERT INTO INF_PLAN_DEST VALUES(0,0,0,0,'2014-12-08','2014-12-08')
INSERT INTO AGENTE_DESTINO VALUES(0,0,0)
INSERT INTO INFORME_INFORME VALUES(1,0)
INSERT INTO CONSULTA_TIPO_DESTINO VALUES(0,0)
SET SCHEMA SYSTEM_LOBS
DELETE FROM LOB_IDS WHERE LOB_ID=16
INSERT INTO LOB_IDS VALUES(16,11,1,40)
COMMIT
SET SCHEMA PUBLIC
DELETE FROM AGENTE_DESTINO WHERE ID_AGENTE=0 AND ID_DESTINO=0 AND ID_CLIENTE=0
DELETE FROM INFORME_INFORME WHERE ID_INFORME_CONTIENE=1 AND ID_INFORME_CONTENIDO=0
DELETE FROM CONSULTA_TIPO_DESTINO WHERE ID_CONSULTA=0 AND ID_TIPO_DESTINO=0
DELETE FROM AGENTE WHERE AGENTE_ID=0
DELETE FROM INF_PLAN_DEST WHERE ID_INFORME=0 AND ID_CLIENTE=0 AND ID_DESTINO=0
DELETE FROM SNAPSHOT WHERE ID_SNAPSHOT=0 AND ID_CLIENTE=0 AND ID_DESTINO=0 AND ID_INFORME=0
DELETE FROM DESTINO WHERE ID_CLIENTE=0 AND ID_DESTINO=0
DELETE FROM CLIENTE WHERE ID_CLIENTE=0
DELETE FROM INFORME WHERE INFO_ID=0
DELETE FROM CONSULTA WHERE CONS_ID=0
DELETE FROM TIPO_DESTINO WHERE ID_TIPO_DESTINO=0
DELETE FROM INFORME WHERE INFO_ID=1
DELETE FROM LINEA_CRON WHERE ID_LINEA_CRON=0
DELETE FROM LINEA_CRON WHERE ID_LINEA_CRON=1
DELETE FROM PLANIFICACION WHERE ID_PLAN=0
SET SCHEMA SYSTEM_LOBS
DELETE FROM LOB_IDS WHERE LOB_ID=16
INSERT INTO LOB_IDS VALUES(16,11,0,40)
COMMIT
SET SCHEMA PUBLIC
DISCONNECT
/*C1*/INSERT INTO LOB_IDS VALUES(17,11,0,40)
COMMIT
ALTER SEQUENCE SYSTEM_LOBS.LOB_ID RESTART WITH 18
DELETE FROM BLOCKS WHERE BLOCK_ADDR=16
INSERT INTO BLOCKS VALUES(16,1,0)
INSERT INTO BLOCKS VALUES(17,2147483630,0)
DELETE FROM BLOCKS WHERE BLOCK_ADDR=16
INSERT INTO LOBS VALUES(16,1,0,17)
COMMIT
/*C10*/SET SCHEMA PUBLIC
INSERT INTO CLIENTE VALUES(0,'Cliente',NULL)
INSERT INTO AGENTE VALUES(0,0,NULL,17)
INSERT INTO INFORME VALUES(1,'Nombre','DescLarga',0,'2014-12-08')
INSERT INTO INFORME VALUES(0,'Nombre','DescLarga',0,'2014-12-08')
INSERT INTO CONSULTA VALUES(0,'S',NULL,NULL,NULL,NULL,'DescCorta','DescLarga','2014-12-08')
INSERT INTO TIPO_DESTINO VALUES(0,'NombreCorto','Descripci\u00f3n')
INSERT INTO DESTINO VALUES(0,0,0)
INSERT INTO SNAPSHOT VALUES(0,0,0,0,'2014-12-08')
INSERT INTO PLANIFICACION VALUES(0,'2014-12-08',NULL)
INSERT INTO LINEA_CRON VALUES(0,0,'Descripcion','2014-12-08')
INSERT INTO LINEA_CRON VALUES(1,0,'Descripcion','2014-12-08')
INSERT INTO INF_PLAN_DEST VALUES(0,0,0,0,'2014-12-08','2014-12-08')
INSERT INTO AGENTE_DESTINO VALUES(0,0,0)
INSERT INTO INFORME_INFORME VALUES(1,0)
INSERT INTO CONSULTA_TIPO_DESTINO VALUES(0,0)
SET SCHEMA SYSTEM_LOBS
DELETE FROM LOB_IDS WHERE LOB_ID=17
INSERT INTO LOB_IDS VALUES(17,11,1,40)
COMMIT
SET SCHEMA PUBLIC
DELETE FROM AGENTE_DESTINO WHERE ID_AGENTE=0 AND ID_DESTINO=0 AND ID_CLIENTE=0
DELETE FROM INFORME_INFORME WHERE ID_INFORME_CONTIENE=1 AND ID_INFORME_CONTENIDO=0
DELETE FROM CONSULTA_TIPO_DESTINO WHERE ID_CONSULTA=0 AND ID_TIPO_DESTINO=0
DELETE FROM AGENTE WHERE AGENTE_ID=0
DELETE FROM INF_PLAN_DEST WHERE ID_INFORME=0 AND ID_CLIENTE=0 AND ID_DESTINO=0
DELETE FROM SNAPSHOT WHERE ID_SNAPSHOT=0 AND ID_CLIENTE=0 AND ID_DESTINO=0 AND ID_INFORME=0
DELETE FROM DESTINO WHERE ID_CLIENTE=0 AND ID_DESTINO=0
DELETE FROM CLIENTE WHERE ID_CLIENTE=0
DELETE FROM INFORME WHERE INFO_ID=0
DELETE FROM CONSULTA WHERE CONS_ID=0
DELETE FROM TIPO_DESTINO WHERE ID_TIPO_DESTINO=0
DELETE FROM INFORME WHERE INFO_ID=1
DELETE FROM LINEA_CRON WHERE ID_LINEA_CRON=1
DELETE FROM LINEA_CRON WHERE ID_LINEA_CRON=0
DELETE FROM PLANIFICACION WHERE ID_PLAN=0
SET SCHEMA SYSTEM_LOBS
DELETE FROM LOB_IDS WHERE LOB_ID=17
INSERT INTO LOB_IDS VALUES(17,11,0,40)
COMMIT
SET SCHEMA PUBLIC
DISCONNECT
/*C1*/INSERT INTO LOB_IDS VALUES(18,11,0,40)
COMMIT
ALTER SEQUENCE SYSTEM_LOBS.LOB_ID RESTART WITH 19
DELETE FROM BLOCKS WHERE BLOCK_ADDR=17
INSERT INTO BLOCKS VALUES(17,1,0)
INSERT INTO BLOCKS VALUES(18,2147483629,0)
DELETE FROM BLOCKS WHERE BLOCK_ADDR=17
INSERT INTO LOBS VALUES(17,1,0,18)
COMMIT
/*C11*/SET SCHEMA PUBLIC
INSERT INTO CLIENTE VALUES(0,'Cliente',NULL)
INSERT INTO AGENTE VALUES(0,0,NULL,18)
INSERT INTO INFORME VALUES(1,'Nombre','DescLarga',0,'2014-12-08')
INSERT INTO INFORME VALUES(0,'Nombre','DescLarga',0,'2014-12-08')
INSERT INTO CONSULTA VALUES(0,'S',NULL,NULL,NULL,NULL,'DescCorta','DescLarga','2014-12-08')
INSERT INTO TIPO_DESTINO VALUES(0,'NombreCorto','Descripci\u00f3n')
INSERT INTO DESTINO VALUES(0,0,0)
INSERT INTO SNAPSHOT VALUES(0,0,0,0,'2014-12-08')
INSERT INTO PLANIFICACION VALUES(0,'2014-12-08',NULL)
INSERT INTO LINEA_CRON VALUES(0,0,'Descripcion','2014-12-08')
INSERT INTO LINEA_CRON VALUES(1,0,'Descripcion','2014-12-08')
INSERT INTO INF_PLAN_DEST VALUES(0,0,0,0,'2014-12-08','2014-12-08')
INSERT INTO AGENTE_DESTINO VALUES(0,0,0)
INSERT INTO INFORME_INFORME VALUES(1,0)
INSERT INTO CONSULTA_TIPO_DESTINO VALUES(0,0)
SET SCHEMA SYSTEM_LOBS
DELETE FROM LOB_IDS WHERE LOB_ID=18
INSERT INTO LOB_IDS VALUES(18,11,1,40)
COMMIT
SET SCHEMA PUBLIC
DELETE FROM AGENTE_DESTINO WHERE ID_AGENTE=0 AND ID_DESTINO=0 AND ID_CLIENTE=0
DELETE FROM INFORME_INFORME WHERE ID_INFORME_CONTIENE=1 AND ID_INFORME_CONTENIDO=0
DELETE FROM CONSULTA_TIPO_DESTINO WHERE ID_CONSULTA=0 AND ID_TIPO_DESTINO=0
DELETE FROM AGENTE WHERE AGENTE_ID=0
DELETE FROM INF_PLAN_DEST WHERE ID_INFORME=0 AND ID_CLIENTE=0 AND ID_DESTINO=0
DELETE FROM SNAPSHOT WHERE ID_SNAPSHOT=0 AND ID_CLIENTE=0 AND ID_DESTINO=0 AND ID_INFORME=0
DELETE FROM DESTINO WHERE ID_CLIENTE=0 AND ID_DESTINO=0
DELETE FROM CLIENTE WHERE ID_CLIENTE=0
DELETE FROM INFORME WHERE INFO_ID=0
DELETE FROM CONSULTA WHERE CONS_ID=0
DELETE FROM TIPO_DESTINO WHERE ID_TIPO_DESTINO=0
DELETE FROM INFORME WHERE INFO_ID=1
DELETE FROM LINEA_CRON WHERE ID_LINEA_CRON=1
DELETE FROM LINEA_CRON WHERE ID_LINEA_CRON=0
DELETE FROM PLANIFICACION WHERE ID_PLAN=0
SET SCHEMA SYSTEM_LOBS
DELETE FROM LOB_IDS WHERE LOB_ID=18
INSERT INTO LOB_IDS VALUES(18,11,0,40)
COMMIT
SET SCHEMA PUBLIC
DISCONNECT
/*C1*/INSERT INTO LOB_IDS VALUES(19,11,0,40)
COMMIT
ALTER SEQUENCE SYSTEM_LOBS.LOB_ID RESTART WITH 20
DELETE FROM BLOCKS WHERE BLOCK_ADDR=18
INSERT INTO BLOCKS VALUES(18,1,0)
INSERT INTO BLOCKS VALUES(19,2147483628,0)
DELETE FROM BLOCKS WHERE BLOCK_ADDR=18
INSERT INTO LOBS VALUES(18,1,0,19)
COMMIT
/*C12*/SET SCHEMA PUBLIC
INSERT INTO CLIENTE VALUES(0,'Cliente',NULL)
INSERT INTO AGENTE VALUES(0,0,NULL,19)
INSERT INTO INFORME VALUES(1,'Nombre','DescLarga',0,'2014-12-08')
INSERT INTO INFORME VALUES(0,'Nombre','DescLarga',0,'2014-12-08')
INSERT INTO CONSULTA VALUES(0,'S',NULL,NULL,NULL,NULL,'DescCorta','DescLarga','2014-12-08')
INSERT INTO TIPO_DESTINO VALUES(0,'NombreCorto','Descripci\u00f3n')
INSERT INTO DESTINO VALUES(0,0,0)
INSERT INTO SNAPSHOT VALUES(0,0,0,0,'2014-12-08')
INSERT INTO PLANIFICACION VALUES(0,'2014-12-08',NULL)
INSERT INTO LINEA_CRON VALUES(0,0,'Descripcion','2014-12-08')
INSERT INTO LINEA_CRON VALUES(1,0,'Descripcion','2014-12-08')
INSERT INTO INF_PLAN_DEST VALUES(0,0,0,0,'2014-12-08','2014-12-08')
INSERT INTO AGENTE_DESTINO VALUES(0,0,0)
INSERT INTO INFORME_INFORME VALUES(1,0)
INSERT INTO CONSULTA_TIPO_DESTINO VALUES(0,0)
SET SCHEMA SYSTEM_LOBS
DELETE FROM LOB_IDS WHERE LOB_ID=19
INSERT INTO LOB_IDS VALUES(19,11,1,40)
COMMIT
SET SCHEMA PUBLIC
DELETE FROM AGENTE_DESTINO WHERE ID_AGENTE=0 AND ID_DESTINO=0 AND ID_CLIENTE=0
DELETE FROM INFORME_INFORME WHERE ID_INFORME_CONTIENE=1 AND ID_INFORME_CONTENIDO=0
DELETE FROM CONSULTA_TIPO_DESTINO WHERE ID_CONSULTA=0 AND ID_TIPO_DESTINO=0
DELETE FROM AGENTE WHERE AGENTE_ID=0
DELETE FROM INF_PLAN_DEST WHERE ID_INFORME=0 AND ID_CLIENTE=0 AND ID_DESTINO=0
DELETE FROM SNAPSHOT WHERE ID_SNAPSHOT=0 AND ID_CLIENTE=0 AND ID_DESTINO=0 AND ID_INFORME=0
DELETE FROM DESTINO WHERE ID_CLIENTE=0 AND ID_DESTINO=0
DELETE FROM CLIENTE WHERE ID_CLIENTE=0
DELETE FROM INFORME WHERE INFO_ID=0
DELETE FROM CONSULTA WHERE CONS_ID=0
DELETE FROM TIPO_DESTINO WHERE ID_TIPO_DESTINO=0
DELETE FROM INFORME WHERE INFO_ID=1
DELETE FROM LINEA_CRON WHERE ID_LINEA_CRON=0
DELETE FROM LINEA_CRON WHERE ID_LINEA_CRON=1
DELETE FROM PLANIFICACION WHERE ID_PLAN=0
SET SCHEMA SYSTEM_LOBS
DELETE FROM LOB_IDS WHERE LOB_ID=19
INSERT INTO LOB_IDS VALUES(19,11,0,40)
COMMIT
SET SCHEMA PUBLIC
DISCONNECT
/*C1*/INSERT INTO LOB_IDS VALUES(20,11,0,40)
COMMIT
ALTER SEQUENCE SYSTEM_LOBS.LOB_ID RESTART WITH 21
DELETE FROM BLOCKS WHERE BLOCK_ADDR=19
INSERT INTO BLOCKS VALUES(19,1,0)
INSERT INTO BLOCKS VALUES(20,2147483627,0)
DELETE FROM BLOCKS WHERE BLOCK_ADDR=19
INSERT INTO LOBS VALUES(19,1,0,20)
COMMIT
/*C13*/SET SCHEMA PUBLIC
INSERT INTO CLIENTE VALUES(0,'Cliente',NULL)
INSERT INTO AGENTE VALUES(0,0,NULL,20)
INSERT INTO INFORME VALUES(1,'Nombre','DescLarga',0,'2014-12-08')
INSERT INTO INFORME VALUES(0,'Nombre','DescLarga',0,'2014-12-08')
INSERT INTO CONSULTA VALUES(0,'S',NULL,NULL,NULL,NULL,'DescCorta','DescLarga','2014-12-08')
INSERT INTO TIPO_DESTINO VALUES(0,'NombreCorto','Descripci\u00f3n')
INSERT INTO DESTINO VALUES(0,0,0)
INSERT INTO SNAPSHOT VALUES(0,0,0,0,'2014-12-08')
INSERT INTO PLANIFICACION VALUES(0,'2014-12-08',NULL)
INSERT INTO LINEA_CRON VALUES(0,0,'Descripcion','2014-12-08')
INSERT INTO LINEA_CRON VALUES(1,0,'Descripcion','2014-12-08')
INSERT INTO INF_PLAN_DEST VALUES(0,0,0,0,'2014-12-08','2014-12-08')
INSERT INTO AGENTE_DESTINO VALUES(0,0,0)
INSERT INTO INFORME_INFORME VALUES(1,0)
INSERT INTO CONSULTA_TIPO_DESTINO VALUES(0,0)
SET SCHEMA SYSTEM_LOBS
DELETE FROM LOB_IDS WHERE LOB_ID=20
INSERT INTO LOB_IDS VALUES(20,11,1,40)
COMMIT
SET SCHEMA PUBLIC
DELETE FROM AGENTE_DESTINO WHERE ID_AGENTE=0 AND ID_DESTINO=0 AND ID_CLIENTE=0
DELETE FROM INFORME_INFORME WHERE ID_INFORME_CONTIENE=1 AND ID_INFORME_CONTENIDO=0
DELETE FROM CONSULTA_TIPO_DESTINO WHERE ID_CONSULTA=0 AND ID_TIPO_DESTINO=0
DELETE FROM AGENTE WHERE AGENTE_ID=0
DELETE FROM INF_PLAN_DEST WHERE ID_INFORME=0 AND ID_CLIENTE=0 AND ID_DESTINO=0
DELETE FROM SNAPSHOT WHERE ID_SNAPSHOT=0 AND ID_CLIENTE=0 AND ID_DESTINO=0 AND ID_INFORME=0
DELETE FROM DESTINO WHERE ID_CLIENTE=0 AND ID_DESTINO=0
DELETE FROM CLIENTE WHERE ID_CLIENTE=0
DELETE FROM INFORME WHERE INFO_ID=0
DELETE FROM CONSULTA WHERE CONS_ID=0
DELETE FROM TIPO_DESTINO WHERE ID_TIPO_DESTINO=0
DELETE FROM INFORME WHERE INFO_ID=1
DELETE FROM LINEA_CRON WHERE ID_LINEA_CRON=0
DELETE FROM LINEA_CRON WHERE ID_LINEA_CRON=1
DELETE FROM PLANIFICACION WHERE ID_PLAN=0
SET SCHEMA SYSTEM_LOBS
DELETE FROM LOB_IDS WHERE LOB_ID=20
INSERT INTO LOB_IDS VALUES(20,11,0,40)
COMMIT
SET SCHEMA PUBLIC
DISCONNECT
/*C1*/INSERT INTO LOB_IDS VALUES(21,11,0,40)
COMMIT
ALTER SEQUENCE SYSTEM_LOBS.LOB_ID RESTART WITH 22
DELETE FROM BLOCKS WHERE BLOCK_ADDR=20
INSERT INTO BLOCKS VALUES(20,1,0)
INSERT INTO BLOCKS VALUES(21,2147483626,0)
DELETE FROM BLOCKS WHERE BLOCK_ADDR=20
INSERT INTO LOBS VALUES(20,1,0,21)
COMMIT
/*C14*/SET SCHEMA PUBLIC
INSERT INTO CLIENTE VALUES(0,'Cliente',NULL)
INSERT INTO AGENTE VALUES(0,0,NULL,21)
INSERT INTO INFORME VALUES(1,'Nombre','DescLarga',0,'2014-12-08')
INSERT INTO INFORME VALUES(0,'Nombre','DescLarga',0,'2014-12-08')
INSERT INTO CONSULTA VALUES(0,'S',NULL,NULL,NULL,NULL,'DescCorta','DescLarga','2014-12-08')
INSERT INTO TIPO_DESTINO VALUES(0,'NombreCorto','Descripci\u00f3n')
INSERT INTO DESTINO VALUES(0,0,0)
INSERT INTO SNAPSHOT VALUES(0,0,0,0,'2014-12-08')
INSERT INTO PLANIFICACION VALUES(0,'2014-12-08',NULL)
INSERT INTO LINEA_CRON VALUES(0,0,'Descripcion','2014-12-08')
INSERT INTO LINEA_CRON VALUES(1,0,'Descripcion','2014-12-08')
INSERT INTO INF_PLAN_DEST VALUES(0,0,0,0,'2014-12-08','2014-12-08')
INSERT INTO AGENTE_DESTINO VALUES(0,0,0)
INSERT INTO INFORME_INFORME VALUES(1,0)
INSERT INTO CONSULTA_TIPO_DESTINO VALUES(0,0)
SET SCHEMA SYSTEM_LOBS
DELETE FROM LOB_IDS WHERE LOB_ID=21
INSERT INTO LOB_IDS VALUES(21,11,1,40)
COMMIT
SET SCHEMA PUBLIC
DELETE FROM AGENTE_DESTINO WHERE ID_AGENTE=0 AND ID_DESTINO=0 AND ID_CLIENTE=0
DELETE FROM INFORME_INFORME WHERE ID_INFORME_CONTIENE=1 AND ID_INFORME_CONTENIDO=0
DELETE FROM CONSULTA_TIPO_DESTINO WHERE ID_CONSULTA=0 AND ID_TIPO_DESTINO=0
DELETE FROM AGENTE WHERE AGENTE_ID=0
DELETE FROM INF_PLAN_DEST WHERE ID_INFORME=0 AND ID_CLIENTE=0 AND ID_DESTINO=0
DELETE FROM SNAPSHOT WHERE ID_SNAPSHOT=0 AND ID_CLIENTE=0 AND ID_DESTINO=0 AND ID_INFORME=0
DELETE FROM DESTINO WHERE ID_CLIENTE=0 AND ID_DESTINO=0
DELETE FROM CLIENTE WHERE ID_CLIENTE=0
DELETE FROM INFORME WHERE INFO_ID=0
DELETE FROM CONSULTA WHERE CONS_ID=0
DELETE FROM TIPO_DESTINO WHERE ID_TIPO_DESTINO=0
DELETE FROM INFORME WHERE INFO_ID=1
DELETE FROM LINEA_CRON WHERE ID_LINEA_CRON=0
DELETE FROM LINEA_CRON WHERE ID_LINEA_CRON=1
DELETE FROM PLANIFICACION WHERE ID_PLAN=0
SET SCHEMA SYSTEM_LOBS
DELETE FROM LOB_IDS WHERE LOB_ID=21
INSERT INTO LOB_IDS VALUES(21,11,0,40)
COMMIT
SET SCHEMA PUBLIC
DISCONNECT
/*C1*/INSERT INTO LOB_IDS VALUES(22,11,0,40)
COMMIT
ALTER SEQUENCE SYSTEM_LOBS.LOB_ID RESTART WITH 23
DELETE FROM BLOCKS WHERE BLOCK_ADDR=21
INSERT INTO BLOCKS VALUES(21,1,0)
INSERT INTO BLOCKS VALUES(22,2147483625,0)
DELETE FROM BLOCKS WHERE BLOCK_ADDR=21
INSERT INTO LOBS VALUES(21,1,0,22)
COMMIT
/*C15*/SET SCHEMA PUBLIC
INSERT INTO CLIENTE VALUES(0,'Cliente',NULL)
INSERT INTO AGENTE VALUES(0,0,NULL,22)
INSERT INTO INFORME VALUES(1,'Nombre','DescLarga',0,'2014-12-08')
INSERT INTO INFORME VALUES(0,'Nombre','DescLarga',0,'2014-12-08')
INSERT INTO CONSULTA VALUES(0,'S',NULL,NULL,NULL,NULL,'DescCorta','DescLarga','2014-12-08')
INSERT INTO TIPO_DESTINO VALUES(0,'NombreCorto','Descripci\u00f3n')
INSERT INTO DESTINO VALUES(0,0,0)
INSERT INTO SNAPSHOT VALUES(0,0,0,0,'2014-12-08')
INSERT INTO PLANIFICACION VALUES(0,'2014-12-08',NULL)
INSERT INTO LINEA_CRON VALUES(0,0,'Descripcion','2014-12-08')
INSERT INTO LINEA_CRON VALUES(1,0,'Descripcion','2014-12-08')
INSERT INTO INF_PLAN_DEST VALUES(0,0,0,0,'2014-12-08','2014-12-08')
INSERT INTO AGENTE_DESTINO VALUES(0,0,0)
INSERT INTO INFORME_INFORME VALUES(1,0)
INSERT INTO CONSULTA_TIPO_DESTINO VALUES(0,0)
SET SCHEMA SYSTEM_LOBS
DELETE FROM LOB_IDS WHERE LOB_ID=22
INSERT INTO LOB_IDS VALUES(22,11,1,40)
COMMIT
SET SCHEMA PUBLIC
DELETE FROM AGENTE_DESTINO WHERE ID_AGENTE=0 AND ID_DESTINO=0 AND ID_CLIENTE=0
DELETE FROM INFORME_INFORME WHERE ID_INFORME_CONTIENE=1 AND ID_INFORME_CONTENIDO=0
DELETE FROM CONSULTA_TIPO_DESTINO WHERE ID_CONSULTA=0 AND ID_TIPO_DESTINO=0
DELETE FROM AGENTE WHERE AGENTE_ID=0
DELETE FROM INF_PLAN_DEST WHERE ID_INFORME=0 AND ID_CLIENTE=0 AND ID_DESTINO=0
DELETE FROM SNAPSHOT WHERE ID_SNAPSHOT=0 AND ID_CLIENTE=0 AND ID_DESTINO=0 AND ID_INFORME=0
DELETE FROM DESTINO WHERE ID_CLIENTE=0 AND ID_DESTINO=0
DELETE FROM CLIENTE WHERE ID_CLIENTE=0
DELETE FROM INFORME WHERE INFO_ID=0
DELETE FROM CONSULTA WHERE CONS_ID=0
DELETE FROM TIPO_DESTINO WHERE ID_TIPO_DESTINO=0
DELETE FROM INFORME WHERE INFO_ID=1
DELETE FROM LINEA_CRON WHERE ID_LINEA_CRON=0
DELETE FROM LINEA_CRON WHERE ID_LINEA_CRON=1
DELETE FROM PLANIFICACION WHERE ID_PLAN=0
SET SCHEMA SYSTEM_LOBS
DELETE FROM LOB_IDS WHERE LOB_ID=22
INSERT INTO LOB_IDS VALUES(22,11,0,40)
COMMIT
SET SCHEMA PUBLIC
DISCONNECT
/*C1*/INSERT INTO LOB_IDS VALUES(23,11,0,40)
COMMIT
ALTER SEQUENCE SYSTEM_LOBS.LOB_ID RESTART WITH 24
DELETE FROM BLOCKS WHERE BLOCK_ADDR=22
INSERT INTO BLOCKS VALUES(22,1,0)
INSERT INTO BLOCKS VALUES(23,2147483624,0)
DELETE FROM BLOCKS WHERE BLOCK_ADDR=22
INSERT INTO LOBS VALUES(22,1,0,23)
COMMIT
/*C16*/SET SCHEMA PUBLIC
INSERT INTO CLIENTE VALUES(0,'Cliente',NULL)
INSERT INTO AGENTE VALUES(0,0,NULL,23)
INSERT INTO INFORME VALUES(1,'Nombre','DescLarga',0,'2014-12-08')
INSERT INTO INFORME VALUES(0,'Nombre','DescLarga',0,'2014-12-08')
INSERT INTO CONSULTA VALUES(0,'S',NULL,NULL,NULL,NULL,'DescCorta','DescLarga','2014-12-08')
INSERT INTO TIPO_DESTINO VALUES(0,'NombreCorto','Descripci\u00f3n')
INSERT INTO DESTINO VALUES(0,0,0)
INSERT INTO SNAPSHOT VALUES(0,0,0,0,'2014-12-08')
INSERT INTO PLANIFICACION VALUES(0,'2014-12-08',NULL)
INSERT INTO LINEA_CRON VALUES(0,0,'Descripcion','2014-12-08')
INSERT INTO LINEA_CRON VALUES(1,0,'Descripcion','2014-12-08')
INSERT INTO INF_PLAN_DEST VALUES(0,0,0,0,'2014-12-08','2014-12-08')
INSERT INTO AGENTE_DESTINO VALUES(0,0,0)
INSERT INTO INFORME_INFORME VALUES(1,0)
INSERT INTO CONSULTA_TIPO_DESTINO VALUES(0,0)
SET SCHEMA SYSTEM_LOBS
DELETE FROM LOB_IDS WHERE LOB_ID=23
INSERT INTO LOB_IDS VALUES(23,11,1,40)
COMMIT
SET SCHEMA PUBLIC
DELETE FROM AGENTE_DESTINO WHERE ID_AGENTE=0 AND ID_DESTINO=0 AND ID_CLIENTE=0
DELETE FROM INFORME_INFORME WHERE ID_INFORME_CONTIENE=1 AND ID_INFORME_CONTENIDO=0
DELETE FROM CONSULTA_TIPO_DESTINO WHERE ID_CONSULTA=0 AND ID_TIPO_DESTINO=0
DELETE FROM AGENTE WHERE AGENTE_ID=0
DELETE FROM INF_PLAN_DEST WHERE ID_INFORME=0 AND ID_CLIENTE=0 AND ID_DESTINO=0
DELETE FROM SNAPSHOT WHERE ID_SNAPSHOT=0 AND ID_CLIENTE=0 AND ID_DESTINO=0 AND ID_INFORME=0
DELETE FROM DESTINO WHERE ID_CLIENTE=0 AND ID_DESTINO=0
DELETE FROM CLIENTE WHERE ID_CLIENTE=0
DELETE FROM INFORME WHERE INFO_ID=0
DELETE FROM CONSULTA WHERE CONS_ID=0
DELETE FROM TIPO_DESTINO WHERE ID_TIPO_DESTINO=0
DELETE FROM INFORME WHERE INFO_ID=1
DELETE FROM LINEA_CRON WHERE ID_LINEA_CRON=0
DELETE FROM LINEA_CRON WHERE ID_LINEA_CRON=1
DELETE FROM PLANIFICACION WHERE ID_PLAN=0
SET SCHEMA SYSTEM_LOBS
DELETE FROM LOB_IDS WHERE LOB_ID=23
INSERT INTO LOB_IDS VALUES(23,11,0,40)
COMMIT
SET SCHEMA PUBLIC
DISCONNECT
/*C1*/INSERT INTO LOB_IDS VALUES(24,11,0,40)
COMMIT
ALTER SEQUENCE SYSTEM_LOBS.LOB_ID RESTART WITH 25
DELETE FROM BLOCKS WHERE BLOCK_ADDR=23
INSERT INTO BLOCKS VALUES(23,1,0)
INSERT INTO BLOCKS VALUES(24,2147483623,0)
DELETE FROM BLOCKS WHERE BLOCK_ADDR=23
INSERT INTO LOBS VALUES(23,1,0,24)
COMMIT
/*C17*/SET SCHEMA PUBLIC
INSERT INTO CLIENTE VALUES(0,'Cliente',NULL)
INSERT INTO AGENTE VALUES(0,0,NULL,24)
INSERT INTO INFORME VALUES(1,'Nombre','DescLarga',0,'2014-12-08')
INSERT INTO INFORME VALUES(0,'Nombre','DescLarga',0,'2014-12-08')
INSERT INTO CONSULTA VALUES(0,'S',NULL,NULL,NULL,NULL,'DescCorta','DescLarga','2014-12-08')
INSERT INTO TIPO_DESTINO VALUES(0,'NombreCorto','Descripci\u00f3n')
INSERT INTO DESTINO VALUES(0,0,0)
INSERT INTO SNAPSHOT VALUES(0,0,0,0,'2014-12-08')
INSERT INTO PLANIFICACION VALUES(0,'2014-12-08',NULL)
INSERT INTO LINEA_CRON VALUES(0,0,'Descripcion','2014-12-08')
INSERT INTO LINEA_CRON VALUES(1,0,'Descripcion','2014-12-08')
INSERT INTO INF_PLAN_DEST VALUES(0,0,0,0,'2014-12-08','2014-12-08')
INSERT INTO AGENTE_DESTINO VALUES(0,0,0)
INSERT INTO INFORME_INFORME VALUES(1,0)
INSERT INTO CONSULTA_TIPO_DESTINO VALUES(0,0)
SET SCHEMA SYSTEM_LOBS
DELETE FROM LOB_IDS WHERE LOB_ID=24
INSERT INTO LOB_IDS VALUES(24,11,1,40)
COMMIT
SET SCHEMA PUBLIC
DELETE FROM AGENTE_DESTINO WHERE ID_AGENTE=0 AND ID_DESTINO=0 AND ID_CLIENTE=0
DELETE FROM INFORME_INFORME WHERE ID_INFORME_CONTIENE=1 AND ID_INFORME_CONTENIDO=0
DELETE FROM CONSULTA_TIPO_DESTINO WHERE ID_CONSULTA=0 AND ID_TIPO_DESTINO=0
DELETE FROM AGENTE WHERE AGENTE_ID=0
DELETE FROM INF_PLAN_DEST WHERE ID_INFORME=0 AND ID_CLIENTE=0 AND ID_DESTINO=0
DELETE FROM SNAPSHOT WHERE ID_SNAPSHOT=0 AND ID_CLIENTE=0 AND ID_DESTINO=0 AND ID_INFORME=0
DELETE FROM DESTINO WHERE ID_CLIENTE=0 AND ID_DESTINO=0
DELETE FROM CLIENTE WHERE ID_CLIENTE=0
DELETE FROM INFORME WHERE INFO_ID=0
DELETE FROM CONSULTA WHERE CONS_ID=0
DELETE FROM TIPO_DESTINO WHERE ID_TIPO_DESTINO=0
DELETE FROM INFORME WHERE INFO_ID=1
DELETE FROM LINEA_CRON WHERE ID_LINEA_CRON=0
DELETE FROM LINEA_CRON WHERE ID_LINEA_CRON=1
DELETE FROM PLANIFICACION WHERE ID_PLAN=0
SET SCHEMA SYSTEM_LOBS
DELETE FROM LOB_IDS WHERE LOB_ID=24
INSERT INTO LOB_IDS VALUES(24,11,0,40)
COMMIT
SET SCHEMA PUBLIC
DISCONNECT
/*C5*/SET SCHEMA PUBLIC
DISCONNECT
